0 info it worked if it ends with ok
1 verbose cli [ '/usr/bin/nodejs', '/usr/bin/npm', 'run', 'test' ]
2 info using npm@3.5.2
3 info using node@v4.2.6
4 verbose run-script [ 'pretest', 'test', 'posttest' ]
5 info lifecycle @zapjs/eos-bondage@1.0.0~pretest: @zapjs/eos-bondage@1.0.0
6 silly lifecycle @zapjs/eos-bondage@1.0.0~pretest: no script for pretest, continuing
7 info lifecycle @zapjs/eos-bondage@1.0.0~test: @zapjs/eos-bondage@1.0.0
8 verbose lifecycle @zapjs/eos-bondage@1.0.0~test: unsafe-perm in lifecycle true
9 verbose lifecycle @zapjs/eos-bondage@1.0.0~test: PATH: /usr/share/npm/bin/node-gyp-bin:/home/user/eos-web/zap-eos-sdk/packages/bondage/node_modules/.bin:/usr/local/sbin:/usr/local/bin:/usr/sbin:/usr/bin:/sbin:/bin:/snap/bin
10 verbose lifecycle @zapjs/eos-bondage@1.0.0~test: CWD: /home/user/eos-web/zap-eos-sdk/packages/bondage
11 silly lifecycle @zapjs/eos-bondage@1.0.0~test: Args: [ '-c',
11 silly lifecycle   'mocha $PKG -r ts-node/register src/test/test.ts --timeout 10000' ]
12 silly lifecycle @zapjs/eos-bondage@1.0.0~test: Returned: code: 1  signal: null
13 info lifecycle @zapjs/eos-bondage@1.0.0~test: Failed to exec test script
14 verbose stack Error: @zapjs/eos-bondage@1.0.0 test: `mocha $PKG -r ts-node/register src/test/test.ts --timeout 10000`
14 verbose stack Exit status 1
14 verbose stack     at EventEmitter.<anonymous> (/usr/share/npm/lib/utils/lifecycle.js:232:16)
14 verbose stack     at emitTwo (events.js:87:13)
14 verbose stack     at EventEmitter.emit (events.js:172:7)
14 verbose stack     at ChildProcess.<anonymous> (/usr/share/npm/lib/utils/spawn.js:24:14)
14 verbose stack     at emitTwo (events.js:87:13)
14 verbose stack     at ChildProcess.emit (events.js:172:7)
14 verbose stack     at maybeClose (internal/child_process.js:821:16)
14 verbose stack     at Process.ChildProcess._handle.onexit (internal/child_process.js:211:5)
15 verbose pkgid @zapjs/eos-bondage@1.0.0
16 verbose cwd /home/user/eos-web/zap-eos-sdk/packages/bondage
17 error Linux 4.15.0-43-generic
18 error argv "/usr/bin/nodejs" "/usr/bin/npm" "run" "test"
19 error node v4.2.6
20 error npm  v3.5.2
21 error code ELIFECYCLE
22 error @zapjs/eos-bondage@1.0.0 test: `mocha $PKG -r ts-node/register src/test/test.ts --timeout 10000`
22 error Exit status 1
23 error Failed at the @zapjs/eos-bondage@1.0.0 test script 'mocha $PKG -r ts-node/register src/test/test.ts --timeout 10000'.
23 error Make sure you have the latest version of node.js and npm installed.
23 error If you do, this is most likely a problem with the @zapjs/eos-bondage package,
23 error not with npm itself.
23 error Tell the author that this fails on your system:
23 error     mocha $PKG -r ts-node/register src/test/test.ts --timeout 10000
23 error You can get information on how to open an issue for this project with:
23 error     npm bugs @zapjs/eos-bondage
23 error Or if that isn't available, you can get their info via:
23 error     npm owner ls @zapjs/eos-bondage
23 error There is likely additional logging output above.
24 verbose exit [ 1, true ]
